<?xml version="1.0" encoding="UTF-8"?>
<!-- Generated by org.testng.reporters.JUnitReportReporter -->
<testsuite hostname="DESKTOP-S3KSH1H" failures="0" tests="2" name="Test.Day2" time="0.022" errors="0" timestamp="2024-12-05T13:00:48 IST" skipped="0">
  <testcase classname="Test.Day2" name="webloan" time="0.016"/>
  <system-out/>
  <testcase classname="Test.Day2" name="ploan" time="0.006"/>
  <system-out/>
</testsuite> <!-- Test.Day2 -->
