<?xml version="1.0" encoding="UTF-8"?>
<!-- Generated by org.testng.reporters.JUnitReportReporter -->
<testsuite hostname="DESKTOP-S3KSH1H" failures="0" tests="4" name="Test.Day4" time="0.017" errors="0" timestamp="2024-12-05T13:00:48 IST" skipped="0">
  <testcase classname="Test.Day4" name="websigninHomeloan" time="0.007"/>
  <system-out/>
  <testcase classname="Test.Day4" name="MobileLogInHomeLoan" time="0.003"/>
  <system-out/>
  <testcase classname="Test.Day4" name="LoginApiCarLoan" time="0.004"/>
  <system-out/>
  <testcase classname="Test.Day4" name="webloginHomeloan" time="0.003"/>
  <system-out/>
</testsuite> <!-- Test.Day4 -->
