<?xml version="1.0" encoding="UTF-8"?>
<!-- Generated by org.testng.reporters.JUnitReportReporter -->
<testsuite hostname="DESKTOP-S3KSH1H" failures="0" tests="1" name="Test.Day1" time="0.013" errors="0" timestamp="2024-12-05T13:00:48 IST" skipped="0">
  <testcase classname="Test.Day1" name="Demo" time="0.013"/>
  <system-out/>
</testsuite> <!-- Test.Day1 -->
