<?xml version="1.0" encoding="UTF-8"?>
<!-- Generated by org.testng.reporters.JUnitReportReporter -->
<testsuite hostname="DESKTOP-S3KSH1H" failures="0" tests="2" name="Test.Day3" time="0.015" errors="0" timestamp="2024-12-05T13:00:48 IST" skipped="0">
  <testcase classname="Test.Day3" name="LoginApiCarLoan" time="0.003"/>
  <system-out/>
  <testcase classname="Test.Day3" name="webloginCarloan" time="0.012"/>
  <system-out/>
</testsuite> <!-- Test.Day3 -->
